<?xml version="1.0" encoding="UTF-8"?>
<testsuite xmlns:xsi="http://www.w3.org/2001/XMLSchema-instance" xsi:noNamespaceSchemaLocation="https://maven.apache.org/surefire/maven-surefire-plugin/xsd/surefire-test-report.xsd" version="3.0.2" name="web.example.com.demo.DemoApplicationTests" time="1.051" tests="1" errors="0" skipped="0" failures="0">
  <properties>
[...]
</properties>
  <testcase name="contextLoads" classname="web.example.com.demo.DemoApplicationTests" time="0.42">
    <system-out><![CDATA[09:31:24.289 [main] INFO org.springframework.test.context.support.AnnotationConfigContextLoaderUtils -- Could not detect default configuration classes for test class [web.example.com.demo.DemoApplicationTests]: DemoApplicationTests does not declare any static, non-private, non-final, nested classes annotated with @Configuration.
09:31:24.334 [main] INFO org.springframework.boot.test.context.SpringBootTestContextBootstrapper -- Found @SpringBootConfiguration web.example.com.demo.DemoApplication for test class web.example.com.demo.DemoApplicationTests

  .   ____          _            __ _ _
 /\\ / ___'_ __ _ _(_)_ __  __ _ \ \ \ \
( ( )\___ | '_ | '_| | '_ \/ _` | \ \ \ \
 \\/  ___)| |_)| | | | | || (_| |  ) ) ) )
  '  |____| .__|_| |_|_| |_\__, | / / / /
 =========|_|==============|___/=/_/_/_/

 :: Spring Boot ::                (v3.5.6)

2025-10-18T09:31:24.495+03:00  INFO 11679 --- [demo] [           main] w.example.com.demo.DemoApplicationTests  : Starting DemoApplicationTests using Java 20.0.1 with PID 11679 (started by chris in /Users/chris/web-app-assignment/backend)
2025-10-18T09:31:24.495+03:00  INFO 11679 --- [demo] [           main] w.example.com.demo.DemoApplicationTests  : No active profile set, falling back to 1 default profile: "default"
2025-10-18T09:31:24.853+03:00  INFO 11679 --- [demo] [           main] w.example.com.demo.DemoApplicationTests  : Started DemoApplicationTests in 0.462 seconds (process running for 0.865)
]]></system-out>
  </testcase>
</testsuite>