<?xml version="1.0" encoding="UTF-8"?>
<testsuite xmlns:xsi="http://www.w3.org/2001/XMLSchema-instance" xsi:noNamespaceSchemaLocation="https://maven.apache.org/surefire/maven-surefire-plugin/xsd/surefire-test-report.xsd" version="3.0.2" name="web.example.com.tmdb.components.tmdb.business.boundary.TmdbApiServiceIntegrationTest" time="2.194" tests="5" errors="0" skipped="0" failures="1">
  <properties>
[...]
</properties>
  <testcase name="searchMovies_ShouldReturnEmptyResults_WhenSearchingForNonExistentMovie" classname="web.example.com.tmdb.components.tmdb.business.boundary.TmdbApiServiceIntegrationTest" time="0.802">
    <system-out><![CDATA[11:34:38.916 [main] INFO org.springframework.test.context.support.AnnotationConfigContextLoaderUtils -- Could not detect default configuration classes for test class [web.example.com.tmdb.components.tmdb.business.boundary.TmdbApiServiceIntegrationTest]: TmdbApiServiceIntegrationTest does not declare any static, non-private, non-final, nested classes annotated with @Configuration.
11:34:38.964 [main] INFO org.springframework.boot.test.context.SpringBootTestContextBootstrapper -- Found @SpringBootConfiguration web.example.com.tmdb.TmdbApplication for test class web.example.com.tmdb.components.tmdb.business.boundary.TmdbApiServiceIntegrationTest

  .   ____          _            __ _ _
 /\\ / ___'_ __ _ _(_)_ __  __ _ \ \ \ \
( ( )\___ | '_ | '_| | '_ \/ _` | \ \ \ \
 \\/  ___)| |_)| | | | | || (_| |  ) ) ) )
  '  |____| .__|_| |_|_| |_\__, | / / / /
 =========|_|==============|___/=/_/_/_/

 :: Spring Boot ::                (v3.5.6)

2025-10-18T11:34:39.186+03:00  INFO 55662 --- [           main] .t.c.t.b.b.TmdbApiServiceIntegrationTest : Starting TmdbApiServiceIntegrationTest using Java 20.0.1 with PID 55662 (started by chris in /Users/chris/web-app-assignment/backend)
2025-10-18T11:34:39.187+03:00 DEBUG 55662 --- [           main] .t.c.t.b.b.TmdbApiServiceIntegrationTest : Running with Spring Boot v3.5.6, Spring v6.2.11
2025-10-18T11:34:39.187+03:00  INFO 55662 --- [           main] .t.c.t.b.b.TmdbApiServiceIntegrationTest : The following 1 profile is active: "integration"
2025-10-18T11:34:39.581+03:00  INFO 55662 --- [           main] .t.c.t.b.b.TmdbApiServiceIntegrationTest : Started TmdbApiServiceIntegrationTest in 0.568 seconds (process running for 0.931)
2025-10-18T11:34:39.970+03:00 DEBUG 55662 --- [           main] o.s.web.client.RestTemplate              : HTTP GET https://api.themoviedb.org/3/search/movie?api_key=555dd34b51d2f5b7f9fdb39e04986933&query=ThisMovieDefinitelyDoesNotExist12345&page=1&language=en&include_adult=false
2025-10-18T11:34:39.995+03:00 DEBUG 55662 --- [           main] o.s.web.client.RestTemplate              : Accept=[application/json, application/*+json]
2025-10-18T11:34:40.350+03:00 DEBUG 55662 --- [           main] o.s.web.client.RestTemplate              : Response 200 OK
2025-10-18T11:34:40.351+03:00 DEBUG 55662 --- [           main] o.s.web.client.RestTemplate              : Reading to [web.example.com.tmdb.components.tmdb.business.entity.TmdbSearchMoviesResponse]
]]></system-out>
  </testcase>
  <testcase name="searchMovies_ShouldReturnResults_WhenSearchingForPopularMovie" classname="web.example.com.tmdb.components.tmdb.business.boundary.TmdbApiServiceIntegrationTest" time="0.155">
    <system-out><![CDATA[2025-10-18T11:34:40.389+03:00 DEBUG 55662 --- [           main] o.s.web.client.RestTemplate              : HTTP GET https://api.themoviedb.org/3/search/movie?api_key=555dd34b51d2f5b7f9fdb39e04986933&query=The%20Matrix&page=1&language=en&include_adult=false
2025-10-18T11:34:40.389+03:00 DEBUG 55662 --- [           main] o.s.web.client.RestTemplate              : Accept=[application/json, application/*+json]
2025-10-18T11:34:40.538+03:00 DEBUG 55662 --- [           main] o.s.web.client.RestTemplate              : Response 200 OK
2025-10-18T11:34:40.538+03:00 DEBUG 55662 --- [           main] o.s.web.client.RestTemplate              : Reading to [web.example.com.tmdb.components.tmdb.business.entity.TmdbSearchMoviesResponse]
]]></system-out>
  </testcase>
  <testcase name="getMovieDetails_ShouldReturnFullDetails_WhenMovieExists" classname="web.example.com.tmdb.components.tmdb.business.boundary.TmdbApiServiceIntegrationTest" time="0.171">
    <failure message="&#10;expected: &quot;1999-03-30&quot;&#10; but was: &quot;1999-03-31&quot;" type="org.opentest4j.AssertionFailedError"><![CDATA[org.opentest4j.AssertionFailedError: 

expected: "1999-03-30"
 but was: "1999-03-31"
	at web.example.com.tmdb.components.tmdb.business.boundary.TmdbApiServiceIntegrationTest.getMovieDetails_ShouldReturnFullDetails_WhenMovieExists(TmdbApiServiceIntegrationTest.java:91)
	at java.base/java.lang.reflect.Method.invoke(Method.java:578)
	at java.base/java.util.ArrayList.forEach(ArrayList.java:1511)
	at java.base/java.util.ArrayList.forEach(ArrayList.java:1511)
]]></failure>
    <system-out><![CDATA[2025-10-18T11:34:40.545+03:00 DEBUG 55662 --- [           main] o.s.web.client.RestTemplate              : HTTP GET https://api.themoviedb.org/3/movie/603?api_key=555dd34b51d2f5b7f9fdb39e04986933
2025-10-18T11:34:40.552+03:00 DEBUG 55662 --- [           main] o.s.web.client.RestTemplate              : Accept=[application/json, application/*+json]
2025-10-18T11:34:40.700+03:00 DEBUG 55662 --- [           main] o.s.web.client.RestTemplate              : Response 200 OK
2025-10-18T11:34:40.701+03:00 DEBUG 55662 --- [           main] o.s.web.client.RestTemplate              : Reading to [web.example.com.tmdb.components.tmdb.business.entity.TmdbMovieDetailsResponse]
]]></system-out>
  </testcase>
  <testcase name="getMovieDetails_ShouldThrowException_WhenMovieNotFound" classname="web.example.com.tmdb.components.tmdb.business.boundary.TmdbApiServiceIntegrationTest" time="0.164">
    <system-out><![CDATA[2025-10-18T11:34:40.718+03:00 DEBUG 55662 --- [           main] o.s.web.client.RestTemplate              : HTTP GET https://api.themoviedb.org/3/movie/999999999?api_key=555dd34b51d2f5b7f9fdb39e04986933
2025-10-18T11:34:40.719+03:00 DEBUG 55662 --- [           main] o.s.web.client.RestTemplate              : Accept=[application/json, application/*+json]
2025-10-18T11:34:40.873+03:00 DEBUG 55662 --- [           main] o.s.web.client.RestTemplate              : Response 404 NOT_FOUND
]]></system-out>
  </testcase>
  <testcase name="getPopularMovies_ShouldReturnMovies_WhenApiKeyIsValid" classname="web.example.com.tmdb.components.tmdb.business.boundary.TmdbApiServiceIntegrationTest" time="0.168">
    <system-out><![CDATA[2025-10-18T11:34:40.885+03:00 DEBUG 55662 --- [           main] o.s.web.client.RestTemplate              : HTTP GET https://api.themoviedb.org/3/movie/popular?api_key=555dd34b51d2f5b7f9fdb39e04986933
2025-10-18T11:34:40.887+03:00 DEBUG 55662 --- [           main] o.s.web.client.RestTemplate              : Accept=[application/json, application/*+json]
2025-10-18T11:34:41.041+03:00 DEBUG 55662 --- [           main] o.s.web.client.RestTemplate              : Response 200 OK
2025-10-18T11:34:41.042+03:00 DEBUG 55662 --- [           main] o.s.web.client.RestTemplate              : Reading to [web.example.com.tmdb.components.tmdb.business.entity.TmdbPopularMoviesResponse]
]]></system-out>
  </testcase>
</testsuite>